make.exe all --print-data-base --no-builtin-variables --no-builtin-rules --question
make.exe: *** No rule to make target 'all'.  Stop.

# GNU Make 4.2.1
# Built for x86_64-w64-mingw32
# Copyright (C) 1988-2016 Free Software Foundation, Inc.
# License GPLv3+: GNU GPL version 3 or later <http://gnu.org/licenses/gpl.html>
# This is free software: you are free to change and redistribute it.
# There is NO WARRANTY, to the extent permitted by law.

# Make data base, printed on Thu Aug 25 17:07:25 2022

# Variables

# 'override' directive
GNUMAKEFLAGS := 
# environment
POWERSHELL_DISTRIBUTION_CHANNEL = MSI:Windows 10 Enterprise
# automatic
?F = $(notdir $?)
# automatic
<D = $(patsubst %/,%,$(patsubst %\,%,$(dir $<)))
# environment
VSCODE_CODE_CACHE_PATH = C:\Users\jmanthony1\AppData\Roaming\Code\CachedData\e4503b30fc78200f846c62cf8091b76ff5547662
# default
.SHELLFLAGS := -c
# makefile
MAKEFLAGS = pqrR
# automatic
?D = $(patsubst %/,%,$(patsubst %\,%,$(dir $?)))
# automatic
@D = $(patsubst %/,%,$(patsubst %\,%,$(dir $@)))
# environment
HOMEDRIVE = C:
# automatic
@F = $(notdir $@)
# automatic
^D = $(patsubst %/,%,$(patsubst %\,%,$(dir $^)))
# makefile
CURDIR := c:/Users/jmanthony1/Documents/GitHub/Notes
# default
SHELL := sh.exe
# environment
WINDIR = C:\WINDOWS
# environment
VSCODE_NLS_CONFIG = {"locale":"en-us","availableLanguages":{},"_languagePackSupport":true}
# environment
ONEDRIVE = C:\Users\jmanthony1\OneDrive - Liberty University
# environment
GNUPLOT_LIB = C:\Program Files\gnuplot\demo;C:\Program Files\gnuplot\demo\games;C:\Program Files\gnuplot\share
# environment
MSMPI_BIN = C:\Program Files\Microsoft MPI\Bin\
# environment
PATHEXT = .COM;.EXE;.BAT;.CMD;.VBS;.VBE;.JS;.JSE;.WSF;.WSH;.MSC; .PY;.RB;.RBW
# makefile
MAKEFILE_LIST := 
# environment
FPS_BROWSER_USER_PROFILE_STRING = Default
# environment
ICEMCFD_SYSDIR = win64_amd
# environment
TMP = C:\Users\JMANTH~1\AppData\Local\Temp
# environment
PROGRAMW6432 = C:\Program Files
# environment
PROGRAMDATA = C:\ProgramData
# environment
ANSYS_SYSDIR32 = win32
# environment
VSCODE_CWD = C:\Users\jmanthony1\AppData\Local\Programs\Microsoft VS Code
# default
MAKE_HOST := x86_64-w64-mingw32
# environment
PATH = ;C:\Program Files (x86)\Razer Chroma SDK\bin;C:\Program Files\Razer Chroma SDK\bin;C:\Program Files (x86)\Razer\ChromaBroadcast\bin;C:\Program Files\Razer\ChromaBroadcast\bin;C:\Program Files\Microsoft MPI\Bin\;C:\Program Files (x86)\VMware\VMware Player\bin\;C:\Program Files (x86)\NVIDIA Corporation\PhysX\Common;C:\SIMULIA\Commands;C:\WINDOWS\system32\;C:\WINDOWS;C:\WINDOWS\System32\Wbem;C:\WINDOWS\System32\WindowsPowerShell\v1.0\;C:\PROGRA~1\MATLAB\R2020b\bin;C:\Program Files\MATLAB\R2020b\bin;C:\Program Files\Microsoft SQL Server\Client SDK\ODBC\110\Tools\Binn\;C:\Program Files (x86)\Microsoft SQL Server\120\Tools\Binn\;C:\Program Files\Microsoft SQL Server\120\Tools\Binn\;C:\Program Files\Microsoft SQL Server\120\DTS\Binn\;C:\Program Files (x86)\Windows Kits\8.1\Windows Performance Toolkit\;C:\Program Files\Win Builds\1.5.0\mingw\bin;C:\Program Files\dotnet\sdk\5.0.203\;C:\WINDOWS\system32;C:\WINDOWS\System32\OpenSSH\;C:\Program Files\mingw-w64\x86_64-8.1.0-posix-seh-rt_v6-rev0\mingw64\bin;C:\Program Files\Git\cmd;C:\Program Files\MATLAB\R2021b\bin;C:\Program Files\gnuplot\bin;C:\Program Files\MATLAB\MATLAB Runtime\v91\runtime\win64;C:\Program Files\MATLAB\MATLAB Compiler Runtime\v717\runtime\win64;C:\Program Files (x86)\Microsoft Group Policy\Windows 10 October 2020 Update (20H2)\PolicyDefinitions\;C:\WINDOWS\system32\config\systemprofile\AppData\Local\Microsoft\WindowsApps;C:\Users\jmanthony1\AppData\Local\Programs\Python\Python37\Scripts\;C:\Users\jmanthony1\AppData\Local\Programs\Python\Python37\;C:\Users\jmanthony1\AppData\Local\Programs\Python\Launcher\;C:\Program Files\CMake\bin;C:\Program Files (x86)\Pandoc\bin;C:\Ruby30-x64\bin;C:\Users\jmanthony1\AppData\Local\Microsoft\WindowsApps;C:\Users\jmanthony1\.dotnet\tools;C:\Users\jmanthony1\AppData\Local\MaxTo;C:\Users\jmanthony1\AppData\Local\Pandoc;C:\Users\jmanthony1\AppData\Local\Programs\Microsoft VS Code\bin;C:\Users\jmanthony1\AppData\Local\Programs\MiKTeX\miktex\bin\x64;C:\Users\jmanthony1\Documents\GitHub\JobyAnthonyIII\LaTeX\mytexmf\tex\latex\mystuff;C:\Users\jmanthony1\Documents\GitHub\JobyAnthonyIII\Python\Scripts;C:\Users\jmanthony1\Documents\GitHub\JobyAnthonyIII\Shell;C:\Program Files\Git LFS;C:\WINDOWS\system32;C:\WINDOWS;C:\WINDOWS\System32\Wbem;C:\WINDOWS\System32\WindowsPowerShell\v1.0\;C:\WINDOWS\System32\OpenSSH\;C:\Strawberry\c\bin;C:\Strawberry\perl\site\bin;C:\Strawberry\perl\bin;C:\Program Files\dotnet\;C:\Program Files\PowerShell\7\;C:\Users\jmanthony1\AppData\Local\Programs\Python\Python37\Scripts\;C:\Users\jmanthony1\AppData\Local\Programs\Python\Python37\;C:\Users\jmanthony1\AppData\Local\Programs\Python\Launcher\;C:\Program Files\CMake\bin;C:\Program Files\mingw-w64\x86_64-8.1.0-posix-seh-rt_v6-rev0\mingw64\bin;C:\Program Files (x86)\Pandoc\bin;C:\Ruby30-x64\bin;C:\Users\jmanthony1\AppData\Local\Microsoft\WindowsApps;C:\Users\jmanthony1\.dotnet\tools;C:\Users\jmanthony1\AppData\Local\MaxTo;C:\Users\jmanthony1\AppData\Local\Pandoc;C:\Users\jmanthony1\AppData\Local\Programs\Microsoft VS Code\bin;C:\Users\jmanthony1\AppData\Local\Programs\MiKTeX\miktex\bin\x64;C:\Users\jmanthony1\Documents\GitHub\JobyAnthonyIII\LaTeX\mytexmf\tex\latex\mystuff;C:\Users\jmanthony1\Documents\GitHub\JobyAnthonyIII\Python\Scripts;C:\Users\jmanthony1\Documents\GitHub\JobyAnthonyIII\Shell;C:\Users\jmanthony1\AppData\Local\Tesseract-OCR;;C:\Users\jmanthony1\AppData\Local\Programs\Julia-1.8.0\bin
# environment
COMMONPROGRAMW6432 = C:\Program Files\Common Files
# environment
GIT_LFS_PATH = C:\Program Files\Git LFS
# environment
ANSYS182_DIR = C:\Program Files\ANSYS Inc\v182\ANSYS
# environment
PROCESSOR_ARCHITECTURE = AMD64
# environment
USERPROFILE = C:\Users\jmanthony1
# environment
ALLUSERSPROFILE = C:\ProgramData
# environment
NUMBER_OF_PROCESSORS = 8
# environment
ELECTRON_RUN_AS_NODE = 1
# default
.FEATURES := target-specific order-only second-expansion else-if shortest-stem undefine oneshell archives jobserver output-sync
# automatic
%F = $(notdir $%)
# environment
CHROME_CRASHPAD_PIPE_NAME = \\.\pipe\crashpad_14820_FHCBFVGXIUTGSHLF
# environment
ANSYS_SYSDIR = winx64
# environment
COMPUTERNAME = 9ZQ5SN2
# environment
PROGRAMFILES = C:\Program Files
# default
.LOADED := 
# environment
USERDNSDOMAIN = UNIVERSITY.LIBERTY.EDU
# environment
DRIVERDATA = C:\Windows\System32\Drivers\DriverData
# environment
ORIGINAL_XDG_CURRENT_DESKTOP = undefined
# environment
USERNAME = jmanthony1
# environment
PUBLIC = C:\Users\Public
# environment
VSCODE_AMD_ENTRYPOINT = vs/workbench/api/node/extensionHostProcess
# environment
LSTC_LICENSE = ANSYS
# environment
MUPARSER = C:\muparser
# environment
AWP_ROOT182 = C:\Program Files\ANSYS Inc\v182
# environment
APPLICATION_INSIGHTS_NO_DIAGNOSTIC_CHANNEL = true
# environment
COMMONPROGRAMFILES = C:\Program Files\Common Files
# environment
LOGONSERVER = \\DC04
# environment
VSCODE_HANDLES_UNCAUGHT_ERRORS = true
# environment
USERDOMAIN = SENSENET
# environment
MAKELEVEL := 0
# default
MAKE = $(MAKE_COMMAND)
# default
MAKECMDGOALS := all
# environment
ONEDRIVECOMMERCIAL = C:\Users\jmanthony1\OneDrive - Liberty University
# environment
P_SCHEMA = C:\Program Files\ANSYS Inc\v182\AISOL\CADIntegration\Parasolid\PSchema
# default
MAKE_VERSION := 4.2.1
# makefile
.DEFAULT_GOAL := 
# environment
PROGRAMFILES(X86) = C:\Program Files (x86)
# automatic
%D = $(patsubst %/,%,$(patsubst %\,%,$(dir $%)))
# environment
LOCALAPPDATA = C:\Users\jmanthony1\AppData\Local
# environment
PSMODULEPATH = C:\Program Files\WindowsPowerShell\Modules;C:\WINDOWS\system32\WindowsPowerShell\v1.0\Modules;C:\Program Files\Microsoft Monitoring Agent\Agent\PowerShell\;C:\Program Files (x86)\Microsoft SQL Server\120\Tools\PowerShell\Modules\
# default
MAKE_COMMAND := make.exe
# default
.VARIABLES := 
# automatic
*F = $(notdir $*)
# environment
PROCESSOR_IDENTIFIER = Intel64 Family 6 Model 158 Stepping 9, GenuineIntel
# environment
OS = Windows_NT
# environment
VSCODE_IPC_HOOK = \\.\pipe\e40d77d5b06a1a862c17f446d68c0647-1.70.2-main-sock
# environment
SNOW_AGENT = C:\Program Files\Snow Software\Inventory\Agent
# environment
PYTHONPATH = C:\Users\jmanthony1\Documents\GitHub\JobyAnthonyIII\Python\Scripts
# environment
HOMEPATH = \Users\jmanthony1
# environment
COMMONPROGRAMFILES(X86) = C:\Program Files (x86)\Common Files
# environment
PROMPT = $P$G
# environment
MFLAGS = -pqrR
# automatic
*D = $(patsubst %/,%,$(patsubst %\,%,$(dir $*)))
# environment
SYSTEMROOT = C:\WINDOWS
# automatic
+D = $(patsubst %/,%,$(patsubst %\,%,$(dir $+)))
# automatic
+F = $(notdir $+)
# environment
APPDATA = C:\Users\jmanthony1\AppData\Roaming
# environment
TEMP = C:\Users\JMANTH~1\AppData\Local\Temp
# environment
COMSPEC = C:\WINDOWS\system32\cmd.exe
# default
MAKEFILES := 
# environment
ANS_OLD_ATTACH = 1
# automatic
<F = $(notdir $<)
# environment
ICEMCFD_ROOT182 = C:\Program Files\ANSYS Inc\v182\icemcfd
# environment
LC_ALL = C
# environment
UATDATA = C:\WINDOWS\CCM\UATData\D9F8C395-CAB8-491d-B8AC-179A1FE1BE77
# automatic
^F = $(notdir $^)
# environment
CADOE_LIBDIR182 = C:\Program Files\ANSYS Inc\v182\CommonFiles\Language\en-us
# default
SUFFIXES := 
# environment
SYSTEMDRIVE = C:
# environment
SESSIONNAME = Console
# environment
PROCESSOR_REVISION = 9e09
# default
.RECIPEPREFIX := 
# environment
LANG = C
# environment
PROCESSOR_LEVEL = 6
# environment
FPS_BROWSER_APP_PROFILE_STRING = Internet Explorer
# environment
VSCODE_PID = 14820
# environment
AWP_LOCALE182 = en-us
# environment
USERDOMAIN_ROAMINGPROFILE = SENSENET
# variable set hash-table stats:
# Load=108/1024=11%, Rehash=0, Collisions=17/126=13%

# Pattern-specific Variable Values

# No pattern-specific variable values.

# Directories

# . (key c:/Users/jmanthony1/Documents/GitHub/Notes, mtime 1661345168): 14 files, no impossibilities.

# 14 files, no impossibilities in 1 directories.

# Implicit Rules

# No implicit rules.

# Files

# Not a target:
all:
#  Command line target.
#  Implicit rule search has been done.
#  File does not exist.
#  File has not been updated.

# Not a target:
Makefile:
#  Implicit rule search has been done.
#  File does not exist.
#  File has been updated.
#  Failed to be updated.

# Not a target:
makefile:
#  Implicit rule search has been done.
#  File does not exist.
#  File has been updated.
#  Failed to be updated.

# Not a target:
makefile.mak:
#  Implicit rule search has been done.
#  File does not exist.
#  File has been updated.
#  Failed to be updated.

# Not a target:
.DEFAULT:
#  Implicit rule search has not been done.
#  Modification time never checked.
#  File has not been updated.

# Not a target:
GNUmakefile:
#  Implicit rule search has been done.
#  File does not exist.
#  File has been updated.
#  Failed to be updated.

# files hash-table stats:
# Load=7/1024=1%, Rehash=0, Collisions=0/16=0%
# VPATH Search Paths

# No 'vpath' search paths.

# No general ('VPATH' variable) search path.

# strcache buffers: 1 (0) / strings = 21 / storage = 174 B / avg = 8 B
# current buf: size = 8162 B / used = 174 B / count = 21 / avg = 8 B

# strcache performance: lookups = 23 / hit rate = 8%
# hash-table stats:
# Load=21/8192=0%, Rehash=0, Collisions=1/23=4%
# Finished Make data base on Thu Aug 25 17:07:25 2022

 
